2024-12-20T00:02:09.221+06:00  INFO 16204 --- [final_oop] [restartedMain] o.example.final_oop.FinalOopApplication  : Starting FinalOopApplication using Java 23.0.1 with PID 16204 (C:\Codes\OOP\final_oop\target\classes started by 1000002315 in C:\Codes\OOP\final_oop)
2024-12-20T00:02:09.224+06:00  INFO 16204 --- [final_oop] [restartedMain] o.example.final_oop.FinalOopApplication  : No active profile set, falling back to 1 default profile: "default"
2024-12-20T00:02:09.376+06:00  INFO 16204 --- [final_oop] [restartedMain] .e.DevToolsPropertyDefaultsPostProcessor : Devtools property defaults active! Set 'spring.devtools.add-properties' to 'false' to disable
2024-12-20T00:02:09.383+06:00  INFO 16204 --- [final_oop] [restartedMain] .e.DevToolsPropertyDefaultsPostProcessor : For additional web related logging consider setting the 'logging.level.web' property to 'DEBUG'
2024-12-20T00:02:10.839+06:00  INFO 16204 --- [final_oop] [restartedMain] .s.d.r.c.RepositoryConfigurationDelegate : Bootstrapping Spring Data JPA repositories in DEFAULT mode.
2024-12-20T00:02:10.865+06:00  INFO 16204 --- [final_oop] [restartedMain] .s.d.r.c.RepositoryConfigurationDelegate : Finished Spring Data repository scanning in 14 ms. Found 0 JPA repository interfaces.
2024-12-20T00:02:11.849+06:00  INFO 16204 --- [final_oop] [restartedMain] o.s.b.w.embedded.tomcat.TomcatWebServer  : Tomcat initialized with port 8080 (http)
2024-12-20T00:02:11.869+06:00  INFO 16204 --- [final_oop] [restartedMain] o.apache.catalina.core.StandardService   : Starting service [Tomcat]
2024-12-20T00:02:11.871+06:00  INFO 16204 --- [final_oop] [restartedMain] o.apache.catalina.core.StandardEngine    : Starting Servlet engine: [Apache Tomcat/10.1.34]
2024-12-20T00:02:11.941+06:00  INFO 16204 --- [final_oop] [restartedMain] o.a.c.c.C.[Tomcat].[localhost].[/]       : Initializing Spring embedded WebApplicationContext
2024-12-20T00:02:11.941+06:00  INFO 16204 --- [final_oop] [restartedMain] w.s.c.ServletWebServerApplicationContext : Root WebApplicationContext: initialization completed in 2556 ms
2024-12-20T00:02:12.171+06:00  INFO 16204 --- [final_oop] [restartedMain] o.hibernate.jpa.internal.util.LogHelper  : HHH000204: Processing PersistenceUnitInfo [name: default]
2024-12-20T00:02:12.249+06:00  INFO 16204 --- [final_oop] [restartedMain] org.hibernate.Version                    : HHH000412: Hibernate ORM core version 6.6.4.Final
2024-12-20T00:02:12.315+06:00  INFO 16204 --- [final_oop] [restartedMain] o.h.c.internal.RegionFactoryInitiator    : HHH000026: Second-level cache disabled
2024-12-20T00:02:12.710+06:00  INFO 16204 --- [final_oop] [restartedMain] o.s.o.j.p.SpringPersistenceUnitInfo      : No LoadTimeWeaver setup: ignoring JPA class transformer
2024-12-20T00:02:12.750+06:00  INFO 16204 --- [final_oop] [restartedMain] com.zaxxer.hikari.HikariDataSource       : HikariPool-1 - Starting...
2024-12-20T00:02:13.333+06:00  INFO 16204 --- [final_oop] [restartedMain] com.zaxxer.hikari.pool.HikariPool        : HikariPool-1 - Added connection com.mysql.cj.jdbc.ConnectionImpl@4459e7d2
2024-12-20T00:02:13.336+06:00  INFO 16204 --- [final_oop] [restartedMain] com.zaxxer.hikari.HikariDataSource       : HikariPool-1 - Start completed.
2024-12-20T00:02:13.491+06:00  INFO 16204 --- [final_oop] [restartedMain] org.hibernate.orm.connections.pooling    : HHH10001005: Database info:
	Database JDBC URL [Connecting through datasource 'HikariDataSource (HikariPool-1)']
	Database driver: undefined/unknown
	Database version: 8.0.40
	Autocommit mode: undefined/unknown
	Isolation level: undefined/unknown
	Minimum pool size: undefined/unknown
	Maximum pool size: undefined/unknown
2024-12-20T00:02:14.063+06:00  INFO 16204 --- [final_oop] [restartedMain] o.h.e.t.j.p.i.JtaPlatformInitiator       : HHH000489: No JTA platform available (set 'hibernate.transaction.jta.platform' to enable JTA platform integration)
2024-12-20T00:02:14.070+06:00  INFO 16204 --- [final_oop] [restartedMain] j.LocalContainerEntityManagerFactoryBean : Initialized JPA EntityManagerFactory for persistence unit 'default'
2024-12-20T00:02:14.323+06:00  WARN 16204 --- [final_oop] [restartedMain] JpaBaseConfiguration$JpaWebConfiguration : spring.jpa.open-in-view is enabled by default. Therefore, database queries may be performed during view rendering. Explicitly configure spring.jpa.open-in-view to disable this warning
2024-12-20T00:02:15.001+06:00  INFO 16204 --- [final_oop] [restartedMain] o.s.b.d.a.OptionalLiveReloadServer       : LiveReload server is running on port 35729
2024-12-20T00:02:15.053+06:00  INFO 16204 --- [final_oop] [restartedMain] o.s.b.w.embedded.tomcat.TomcatWebServer  : Tomcat started on port 8080 (http) with context path '/'
2024-12-20T00:02:15.068+06:00  INFO 16204 --- [final_oop] [restartedMain] o.example.final_oop.FinalOopApplication  : Started FinalOopApplication in 6.76 seconds (process running for 8.318)
2024-12-20T00:02:23.559+06:00  INFO 16204 --- [final_oop] [File Watcher] rtingClassPathChangeChangedEventListener : Restarting due to 2 class path changes (0 additions, 2 deletions, 0 modifications)
2024-12-20T00:02:23.584+06:00  INFO 16204 --- [final_oop] [Thread-5] o.s.b.w.e.tomcat.GracefulShutdown        : Commencing graceful shutdown. Waiting for active requests to complete
2024-12-20T00:02:23.620+06:00  INFO 16204 --- [final_oop] [tomcat-shutdown] o.s.b.w.e.tomcat.GracefulShutdown        : Graceful shutdown complete
2024-12-20T00:02:23.632+06:00  INFO 16204 --- [final_oop] [Thread-5] j.LocalContainerEntityManagerFactoryBean : Closing JPA EntityManagerFactory for persistence unit 'default'
2024-12-20T00:02:23.642+06:00  INFO 16204 --- [final_oop] [Thread-5] com.zaxxer.hikari.HikariDataSource       : HikariPool-1 - Shutdown initiated...
2024-12-20T00:02:23.667+06:00  INFO 16204 --- [final_oop] [Thread-5] com.zaxxer.hikari.HikariDataSource       : HikariPool-1 - Shutdown completed.
2024-12-20T00:02:23.956+06:00  INFO 16204 --- [final_oop] [restartedMain] o.example.final_oop.FinalOopApplication  : Starting FinalOopApplication using Java 23.0.1 with PID 16204 (C:\Codes\OOP\final_oop\target\classes started by 1000002315 in C:\Codes\OOP\final_oop)
2024-12-20T00:02:23.957+06:00  INFO 16204 --- [final_oop] [restartedMain] o.example.final_oop.FinalOopApplication  : No active profile set, falling back to 1 default profile: "default"
2024-12-20T00:02:24.733+06:00  INFO 16204 --- [final_oop] [restartedMain] .s.d.r.c.RepositoryConfigurationDelegate : Bootstrapping Spring Data JPA repositories in DEFAULT mode.
2024-12-20T00:02:24.736+06:00  INFO 16204 --- [final_oop] [restartedMain] .s.d.r.c.RepositoryConfigurationDelegate : Finished Spring Data repository scanning in 0 ms. Found 0 JPA repository interfaces.
2024-12-20T00:02:24.954+06:00  INFO 16204 --- [final_oop] [restartedMain] o.s.b.w.embedded.tomcat.TomcatWebServer  : Tomcat initialized with port 8080 (http)
2024-12-20T00:02:24.956+06:00  INFO 16204 --- [final_oop] [restartedMain] o.apache.catalina.core.StandardService   : Starting service [Tomcat]
2024-12-20T00:02:24.957+06:00  INFO 16204 --- [final_oop] [restartedMain] o.apache.catalina.core.StandardEngine    : Starting Servlet engine: [Apache Tomcat/10.1.34]
2024-12-20T00:02:25.013+06:00  INFO 16204 --- [final_oop] [restartedMain] o.a.c.c.C.[Tomcat].[localhost].[/]       : Initializing Spring embedded WebApplicationContext
2024-12-20T00:02:25.013+06:00  INFO 16204 --- [final_oop] [restartedMain] w.s.c.ServletWebServerApplicationContext : Root WebApplicationContext: initialization completed in 1048 ms
2024-12-20T00:02:25.079+06:00  INFO 16204 --- [final_oop] [restartedMain] o.hibernate.jpa.internal.util.LogHelper  : HHH000204: Processing PersistenceUnitInfo [name: default]
2024-12-20T00:02:25.083+06:00  INFO 16204 --- [final_oop] [restartedMain] o.h.c.internal.RegionFactoryInitiator    : HHH000026: Second-level cache disabled
2024-12-20T00:02:25.104+06:00  INFO 16204 --- [final_oop] [restartedMain] o.s.o.j.p.SpringPersistenceUnitInfo      : No LoadTimeWeaver setup: ignoring JPA class transformer
2024-12-20T00:02:25.107+06:00  INFO 16204 --- [final_oop] [restartedMain] com.zaxxer.hikari.HikariDataSource       : HikariPool-2 - Starting...
2024-12-20T00:02:25.148+06:00  INFO 16204 --- [final_oop] [restartedMain] com.zaxxer.hikari.pool.HikariPool        : HikariPool-2 - Added connection com.mysql.cj.jdbc.ConnectionImpl@67f129d6
2024-12-20T00:02:25.149+06:00  INFO 16204 --- [final_oop] [restartedMain] com.zaxxer.hikari.HikariDataSource       : HikariPool-2 - Start completed.
2024-12-20T00:02:25.152+06:00  INFO 16204 --- [final_oop] [restartedMain] org.hibernate.orm.connections.pooling    : HHH10001005: Database info:
	Database JDBC URL [Connecting through datasource 'HikariDataSource (HikariPool-2)']
	Database driver: undefined/unknown
	Database version: 8.0.40
	Autocommit mode: undefined/unknown
	Isolation level: undefined/unknown
	Minimum pool size: undefined/unknown
	Maximum pool size: undefined/unknown
2024-12-20T00:02:25.207+06:00  INFO 16204 --- [final_oop] [restartedMain] o.h.e.t.j.p.i.JtaPlatformInitiator       : HHH000489: No JTA platform available (set 'hibernate.transaction.jta.platform' to enable JTA platform integration)
2024-12-20T00:02:25.209+06:00  INFO 16204 --- [final_oop] [restartedMain] j.LocalContainerEntityManagerFactoryBean : Initialized JPA EntityManagerFactory for persistence unit 'default'
2024-12-20T00:02:25.354+06:00  WARN 16204 --- [final_oop] [restartedMain] JpaBaseConfiguration$JpaWebConfiguration : spring.jpa.open-in-view is enabled by default. Therefore, database queries may be performed during view rendering. Explicitly configure spring.jpa.open-in-view to disable this warning
2024-12-20T00:02:25.728+06:00  INFO 16204 --- [final_oop] [restartedMain] o.s.b.d.a.OptionalLiveReloadServer       : LiveReload server is running on port 35729
2024-12-20T00:02:25.766+06:00  INFO 16204 --- [final_oop] [restartedMain] o.s.b.w.embedded.tomcat.TomcatWebServer  : Tomcat started on port 8080 (http) with context path '/'
2024-12-20T00:02:25.780+06:00  INFO 16204 --- [final_oop] [restartedMain] o.example.final_oop.FinalOopApplication  : Started FinalOopApplication in 1.94 seconds (process running for 19.031)
2024-12-20T00:02:25.786+06:00  INFO 16204 --- [final_oop] [restartedMain] .ConditionEvaluationDeltaLoggingListener : Condition evaluation unchanged
2024-12-20T00:02:27.154+06:00  INFO 16204 --- [final_oop] [File Watcher] rtingClassPathChangeChangedEventListener : Restarting due to 1 class path change (1 addition, 0 deletions, 0 modifications)
2024-12-20T00:02:27.154+06:00  INFO 16204 --- [final_oop] [Thread-7] o.s.b.w.e.tomcat.GracefulShutdown        : Commencing graceful shutdown. Waiting for active requests to complete
2024-12-20T00:02:27.187+06:00  INFO 16204 --- [final_oop] [tomcat-shutdown] o.s.b.w.e.tomcat.GracefulShutdown        : Graceful shutdown complete
2024-12-20T00:02:27.188+06:00  INFO 16204 --- [final_oop] [Thread-7] j.LocalContainerEntityManagerFactoryBean : Closing JPA EntityManagerFactory for persistence unit 'default'
2024-12-20T00:02:27.188+06:00  INFO 16204 --- [final_oop] [Thread-7] com.zaxxer.hikari.HikariDataSource       : HikariPool-2 - Shutdown initiated...
2024-12-20T00:02:27.203+06:00  INFO 16204 --- [final_oop] [Thread-7] com.zaxxer.hikari.HikariDataSource       : HikariPool-2 - Shutdown completed.
2024-12-20T00:02:27.420+06:00  INFO 16204 --- [final_oop] [restartedMain] o.example.final_oop.FinalOopApplication  : Starting FinalOopApplication using Java 23.0.1 with PID 16204 (C:\Codes\OOP\final_oop\target\classes started by 1000002315 in C:\Codes\OOP\final_oop)
2024-12-20T00:02:27.421+06:00  INFO 16204 --- [final_oop] [restartedMain] o.example.final_oop.FinalOopApplication  : No active profile set, falling back to 1 default profile: "default"
2024-12-20T00:02:27.974+06:00  INFO 16204 --- [final_oop] [restartedMain] .s.d.r.c.RepositoryConfigurationDelegate : Bootstrapping Spring Data JPA repositories in DEFAULT mode.
2024-12-20T00:02:27.979+06:00  INFO 16204 --- [final_oop] [restartedMain] .s.d.r.c.RepositoryConfigurationDelegate : Finished Spring Data repository scanning in 3 ms. Found 0 JPA repository interfaces.
2024-12-20T00:02:28.254+06:00  INFO 16204 --- [final_oop] [restartedMain] o.s.b.w.embedded.tomcat.TomcatWebServer  : Tomcat initialized with port 8080 (http)
2024-12-20T00:02:28.255+06:00  INFO 16204 --- [final_oop] [restartedMain] o.apache.catalina.core.StandardService   : Starting service [Tomcat]
2024-12-20T00:02:28.255+06:00  INFO 16204 --- [final_oop] [restartedMain] o.apache.catalina.core.StandardEngine    : Starting Servlet engine: [Apache Tomcat/10.1.34]
2024-12-20T00:02:28.312+06:00  INFO 16204 --- [final_oop] [restartedMain] o.a.c.c.C.[Tomcat].[localhost].[/]       : Initializing Spring embedded WebApplicationContext
2024-12-20T00:02:28.312+06:00  INFO 16204 --- [final_oop] [restartedMain] w.s.c.ServletWebServerApplicationContext : Root WebApplicationContext: initialization completed in 886 ms
2024-12-20T00:02:28.392+06:00  INFO 16204 --- [final_oop] [restartedMain] o.hibernate.jpa.internal.util.LogHelper  : HHH000204: Processing PersistenceUnitInfo [name: default]
2024-12-20T00:02:28.400+06:00  INFO 16204 --- [final_oop] [restartedMain] o.h.c.internal.RegionFactoryInitiator    : HHH000026: Second-level cache disabled
2024-12-20T00:02:28.424+06:00  INFO 16204 --- [final_oop] [restartedMain] o.s.o.j.p.SpringPersistenceUnitInfo      : No LoadTimeWeaver setup: ignoring JPA class transformer
2024-12-20T00:02:28.424+06:00  INFO 16204 --- [final_oop] [restartedMain] com.zaxxer.hikari.HikariDataSource       : HikariPool-3 - Starting...
2024-12-20T00:02:28.468+06:00  INFO 16204 --- [final_oop] [restartedMain] com.zaxxer.hikari.pool.HikariPool        : HikariPool-3 - Added connection com.mysql.cj.jdbc.ConnectionImpl@41de2d03
2024-12-20T00:02:28.468+06:00  INFO 16204 --- [final_oop] [restartedMain] com.zaxxer.hikari.HikariDataSource       : HikariPool-3 - Start completed.
2024-12-20T00:02:28.473+06:00  INFO 16204 --- [final_oop] [restartedMain] org.hibernate.orm.connections.pooling    : HHH10001005: Database info:
	Database JDBC URL [Connecting through datasource 'HikariDataSource (HikariPool-3)']
	Database driver: undefined/unknown
	Database version: 8.0.40
	Autocommit mode: undefined/unknown
	Isolation level: undefined/unknown
	Minimum pool size: undefined/unknown
	Maximum pool size: undefined/unknown
2024-12-20T00:02:28.521+06:00  INFO 16204 --- [final_oop] [restartedMain] o.h.e.t.j.p.i.JtaPlatformInitiator       : HHH000489: No JTA platform available (set 'hibernate.transaction.jta.platform' to enable JTA platform integration)
2024-12-20T00:02:28.521+06:00  INFO 16204 --- [final_oop] [restartedMain] j.LocalContainerEntityManagerFactoryBean : Initialized JPA EntityManagerFactory for persistence unit 'default'
2024-12-20T00:02:28.713+06:00  WARN 16204 --- [final_oop] [restartedMain] JpaBaseConfiguration$JpaWebConfiguration : spring.jpa.open-in-view is enabled by default. Therefore, database queries may be performed during view rendering. Explicitly configure spring.jpa.open-in-view to disable this warning
2024-12-20T00:02:29.397+06:00  INFO 16204 --- [final_oop] [restartedMain] o.s.b.d.a.OptionalLiveReloadServer       : LiveReload server is running on port 35729
2024-12-20T00:02:29.446+06:00  INFO 16204 --- [final_oop] [restartedMain] o.s.b.w.embedded.tomcat.TomcatWebServer  : Tomcat started on port 8080 (http) with context path '/'
2024-12-20T00:02:29.453+06:00  INFO 16204 --- [final_oop] [restartedMain] o.example.final_oop.FinalOopApplication  : Started FinalOopApplication in 2.118 seconds (process running for 22.71)
2024-12-20T00:02:29.467+06:00  INFO 16204 --- [final_oop] [restartedMain] .ConditionEvaluationDeltaLoggingListener : Condition evaluation unchanged
2024-12-20T00:02:29.728+06:00  INFO 16204 --- [final_oop] [http-nio-8080-exec-2] o.a.c.c.C.[Tomcat].[localhost].[/]       : Initializing Spring DispatcherServlet 'dispatcherServlet'
2024-12-20T00:02:29.728+06:00  INFO 16204 --- [final_oop] [http-nio-8080-exec-2] o.s.web.servlet.DispatcherServlet        : Initializing Servlet 'dispatcherServlet'
2024-12-20T00:02:29.739+06:00  INFO 16204 --- [final_oop] [http-nio-8080-exec-2] o.s.web.servlet.DispatcherServlet        : Completed initialization in 11 ms
2024-12-20T00:02:30.815+06:00  INFO 16204 --- [final_oop] [File Watcher] rtingClassPathChangeChangedEventListener : Restarting due to 1 class path change (1 addition, 0 deletions, 0 modifications)
2024-12-20T00:02:30.823+06:00  INFO 16204 --- [final_oop] [Thread-11] o.s.b.w.e.tomcat.GracefulShutdown        : Commencing graceful shutdown. Waiting for active requests to complete
2024-12-20T00:02:30.856+06:00  INFO 16204 --- [final_oop] [tomcat-shutdown] o.s.b.w.e.tomcat.GracefulShutdown        : Graceful shutdown complete
2024-12-20T00:02:30.860+06:00  INFO 16204 --- [final_oop] [Thread-11] j.LocalContainerEntityManagerFactoryBean : Closing JPA EntityManagerFactory for persistence unit 'default'
2024-12-20T00:02:30.864+06:00  INFO 16204 --- [final_oop] [Thread-11] com.zaxxer.hikari.HikariDataSource       : HikariPool-3 - Shutdown initiated...
2024-12-20T00:02:30.880+06:00  INFO 16204 --- [final_oop] [Thread-11] com.zaxxer.hikari.HikariDataSource       : HikariPool-3 - Shutdown completed.
2024-12-20T00:02:31.120+06:00  INFO 16204 --- [final_oop] [restartedMain] o.example.final_oop.FinalOopApplication  : Starting FinalOopApplication using Java 23.0.1 with PID 16204 (C:\Codes\OOP\final_oop\target\classes started by 1000002315 in C:\Codes\OOP\final_oop)
2024-12-20T00:02:31.120+06:00  INFO 16204 --- [final_oop] [restartedMain] o.example.final_oop.FinalOopApplication  : No active profile set, falling back to 1 default profile: "default"
2024-12-20T00:02:31.733+06:00  INFO 16204 --- [final_oop] [restartedMain] .s.d.r.c.RepositoryConfigurationDelegate : Bootstrapping Spring Data JPA repositories in DEFAULT mode.
2024-12-20T00:02:31.744+06:00  INFO 16204 --- [final_oop] [restartedMain] .s.d.r.c.RepositoryConfigurationDelegate : Finished Spring Data repository scanning in 2 ms. Found 0 JPA repository interfaces.
2024-12-20T00:02:31.920+06:00  INFO 16204 --- [final_oop] [restartedMain] o.s.b.w.embedded.tomcat.TomcatWebServer  : Tomcat initialized with port 8080 (http)
2024-12-20T00:02:31.920+06:00  INFO 16204 --- [final_oop] [restartedMain] o.apache.catalina.core.StandardService   : Starting service [Tomcat]
2024-12-20T00:02:31.920+06:00  INFO 16204 --- [final_oop] [restartedMain] o.apache.catalina.core.StandardEngine    : Starting Servlet engine: [Apache Tomcat/10.1.34]
2024-12-20T00:02:31.982+06:00  INFO 16204 --- [final_oop] [restartedMain] o.a.c.c.C.[Tomcat].[localhost].[/]       : Initializing Spring embedded WebApplicationContext
2024-12-20T00:02:31.982+06:00  INFO 16204 --- [final_oop] [restartedMain] w.s.c.ServletWebServerApplicationContext : Root WebApplicationContext: initialization completed in 852 ms
2024-12-20T00:02:32.082+06:00  INFO 16204 --- [final_oop] [restartedMain] o.hibernate.jpa.internal.util.LogHelper  : HHH000204: Processing PersistenceUnitInfo [name: default]
2024-12-20T00:02:32.090+06:00  INFO 16204 --- [final_oop] [restartedMain] o.h.c.internal.RegionFactoryInitiator    : HHH000026: Second-level cache disabled
2024-12-20T00:02:32.111+06:00  INFO 16204 --- [final_oop] [restartedMain] o.s.o.j.p.SpringPersistenceUnitInfo      : No LoadTimeWeaver setup: ignoring JPA class transformer
2024-12-20T00:02:32.111+06:00  INFO 16204 --- [final_oop] [restartedMain] com.zaxxer.hikari.HikariDataSource       : HikariPool-4 - Starting...
2024-12-20T00:02:32.163+06:00  INFO 16204 --- [final_oop] [restartedMain] com.zaxxer.hikari.pool.HikariPool        : HikariPool-4 - Added connection com.mysql.cj.jdbc.ConnectionImpl@45b226a8
2024-12-20T00:02:32.163+06:00  INFO 16204 --- [final_oop] [restartedMain] com.zaxxer.hikari.HikariDataSource       : HikariPool-4 - Start completed.
2024-12-20T00:02:32.167+06:00  INFO 16204 --- [final_oop] [restartedMain] org.hibernate.orm.connections.pooling    : HHH10001005: Database info:
	Database JDBC URL [Connecting through datasource 'HikariDataSource (HikariPool-4)']
	Database driver: undefined/unknown
	Database version: 8.0.40
	Autocommit mode: undefined/unknown
	Isolation level: undefined/unknown
	Minimum pool size: undefined/unknown
	Maximum pool size: undefined/unknown
2024-12-20T00:02:32.212+06:00  INFO 16204 --- [final_oop] [restartedMain] o.h.e.t.j.p.i.JtaPlatformInitiator       : HHH000489: No JTA platform available (set 'hibernate.transaction.jta.platform' to enable JTA platform integration)
2024-12-20T00:02:32.212+06:00  INFO 16204 --- [final_oop] [restartedMain] j.LocalContainerEntityManagerFactoryBean : Initialized JPA EntityManagerFactory for persistence unit 'default'
2024-12-20T00:02:32.358+06:00  WARN 16204 --- [final_oop] [restartedMain] JpaBaseConfiguration$JpaWebConfiguration : spring.jpa.open-in-view is enabled by default. Therefore, database queries may be performed during view rendering. Explicitly configure spring.jpa.open-in-view to disable this warning
2024-12-20T00:02:32.726+06:00  INFO 16204 --- [final_oop] [restartedMain] o.s.b.d.a.OptionalLiveReloadServer       : LiveReload server is running on port 35729
2024-12-20T00:02:32.775+06:00  INFO 16204 --- [final_oop] [restartedMain] o.s.b.w.embedded.tomcat.TomcatWebServer  : Tomcat started on port 8080 (http) with context path '/'
2024-12-20T00:02:32.791+06:00  INFO 16204 --- [final_oop] [restartedMain] o.example.final_oop.FinalOopApplication  : Started FinalOopApplication in 1.749 seconds (process running for 26.041)
2024-12-20T00:02:32.792+06:00  INFO 16204 --- [final_oop] [restartedMain] .ConditionEvaluationDeltaLoggingListener : Condition evaluation unchanged
2024-12-20T00:02:32.873+06:00  INFO 16204 --- [final_oop] [http-nio-8080-exec-1] o.a.c.c.C.[Tomcat].[localhost].[/]       : Initializing Spring DispatcherServlet 'dispatcherServlet'
2024-12-20T00:02:32.873+06:00  INFO 16204 --- [final_oop] [http-nio-8080-exec-1] o.s.web.servlet.DispatcherServlet        : Initializing Servlet 'dispatcherServlet'
2024-12-20T00:02:32.873+06:00  INFO 16204 --- [final_oop] [http-nio-8080-exec-1] o.s.web.servlet.DispatcherServlet        : Completed initialization in 0 ms
2024-12-20T00:02:33.339+06:00  INFO 16204 --- [final_oop] [http-nio-8080-exec-3] o.springdoc.api.AbstractOpenApiResource  : Init duration for springdoc-openapi is: 221 ms
2024-12-20T00:02:46.060+06:00  INFO 16204 --- [final_oop] [SpringApplicationShutdownHook] o.s.b.w.e.tomcat.GracefulShutdown        : Commencing graceful shutdown. Waiting for active requests to complete
2024-12-20T00:02:46.086+06:00  INFO 16204 --- [final_oop] [tomcat-shutdown] o.s.b.w.e.tomcat.GracefulShutdown        : Graceful shutdown complete
2024-12-20T00:02:46.086+06:00  INFO 16204 --- [final_oop] [SpringApplicationShutdownHook] j.LocalContainerEntityManagerFactoryBean : Closing JPA EntityManagerFactory for persistence unit 'default'
2024-12-20T00:02:46.094+06:00  INFO 16204 --- [final_oop] [SpringApplicationShutdownHook] com.zaxxer.hikari.HikariDataSource       : HikariPool-4 - Shutdown initiated...
2024-12-20T00:02:46.102+06:00  INFO 16204 --- [final_oop] [SpringApplicationShutdownHook] com.zaxxer.hikari.HikariDataSource       : HikariPool-4 - Shutdown completed.
